Using pre-set license
Built from '2020.3/staging' branch; Version is '2020.3.18f1 (a7d1c678663c) revision 10998214'; Using compiler version '192528614'; Build Type 'Release'
OS: 'Windows 10 Pro; OS build 19042.1415; Version 2009; 64bit' Language: 'de' Physical Memory: 32718 MB
BatchMode: 1, IsHumanControllingUs: 0, StartBugReporterOnCrash: 0, Is64bit: 1, IsPro: 0

COMMAND LINE ARGUMENTS:
C:\Program Files\Unity\Hub\Editor\2020.3.18f1\Editor\Unity.exe
-adb2
-batchMode
-noUpm
-name
AssetImportWorker1
-projectPath
D:/Git/Realtime/3dRealtime/RealtimeProject
-logFile
Logs/AssetImportWorker1.log
-srvPort
58199
Successfully changed project path to: D:/Git/Realtime/3dRealtime/RealtimeProject
D:/Git/Realtime/3dRealtime/RealtimeProject
Using Asset Import Pipeline V2.
Refreshing native plugins compatible for Editor in 52.46 ms, found 2 plugins.
Preloading 0 native plugins for Editor in 0.00 ms.
Initialize engine version: 2020.3.18f1 (a7d1c678663c)
[Subsystems] Discovering subsystems at path C:/Program Files/Unity/Hub/Editor/2020.3.18f1/Editor/Data/Resources/UnitySubsystems
[Subsystems] Discovering subsystems at path D:/Git/Realtime/3dRealtime/RealtimeProject/Assets
GfxDevice: creating device client; threaded=0
Direct3D:
    Version:  Direct3D 11.0 [level 11.1]
    Renderer: NVIDIA GeForce GTX 1070 (ID=0x1b81)
    Vendor:   
    VRAM:     8088 MB
    Driver:   27.21.14.6647
Initialize mono
Mono path[0] = 'C:/Program Files/Unity/Hub/Editor/2020.3.18f1/Editor/Data/Managed'
Mono path[1] = 'C:/Program Files/Unity/Hub/Editor/2020.3.18f1/Editor/Data/MonoBleedingEdge/lib/mono/unityjit'
Mono config path = 'C:/Program Files/Unity/Hub/Editor/2020.3.18f1/Editor/Data/MonoBleedingEdge/etc'
Using monoOptions --debugger-agent=transport=dt_socket,embedding=1,server=y,suspend=n,address=127.0.0.1:56288
Begin MonoManager ReloadAssembly
Registering precompiled unity dll's ...
Register platform support module: C:/Program Files/Unity/Hub/Editor/2020.3.18f1/Editor/Data/PlaybackEngines/WebGLSupport/UnityEditor.WebGL.Extensions.dll
Register platform support module: C:/Program Files/Unity/Hub/Editor/2020.3.18f1/Editor/Data/PlaybackEngines/MacStandaloneSupport/UnityEditor.OSXStandalone.Extensions.dll
Register platform support module: C:/Program Files/Unity/Hub/Editor/2020.3.18f1/Editor/Data/PlaybackEngines/WindowsStandaloneSupport/UnityEditor.WindowsStandalone.Extensions.dll
Register platform support module: C:/Program Files/Unity/Hub/Editor/2020.3.18f1/Editor/Data/PlaybackEngines/LinuxStandaloneSupport/UnityEditor.LinuxStandalone.Extensions.dll
Registered in 0.003046 seconds.
Native extension for LinuxStandalone target not found
Native extension for WindowsStandalone target not found
Native extension for OSXStandalone target not found
Native extension for WebGL target not found
Refreshing native plugins compatible for Editor in 48.37 ms, found 2 plugins.
Preloading 0 native plugins for Editor in 0.00 ms.
Mono: successfully reloaded assembly
- Completed reload, in  1.861 seconds
Domain Reload Profiling:
	ReloadAssembly (1861ms)
		BeginReloadAssembly (50ms)
			ExecutionOrderSort (0ms)
			DisableScriptedObjects (0ms)
			BackupInstance (0ms)
			ReleaseScriptingObjects (0ms)
			CreateAndSetChildDomain (1ms)
		EndReloadAssembly (404ms)
			LoadAssemblies (48ms)
			RebuildTransferFunctionScriptingTraits (0ms)
			SetupTypeCache (143ms)
			ReleaseScriptCaches (0ms)
			RebuildScriptCaches (28ms)
			SetupLoadedEditorAssemblies (167ms)
				LogAssemblyErrors (0ms)
				InitializePlatformSupportModulesInManaged (7ms)
				SetLoadedEditorAssemblies (0ms)
				RefreshPlugins (48ms)
				BeforeProcessingInitializeOnLoad (15ms)
				ProcessInitializeOnLoadAttributes (71ms)
				ProcessInitializeOnLoadMethodAttributes (26ms)
				AfterProcessingInitializeOnLoad (0ms)
				EditorAssembliesLoaded (0ms)
			ExecutionOrderSort2 (0ms)
			AwakeInstancesAfterBackupRestoration (0ms)
Platform modules already initialized, skipping
Registering precompiled user dll's ...
Registered in 0.003112 seconds.
Begin MonoManager ReloadAssembly
Native extension for LinuxStandalone target not found
Native extension for WindowsStandalone target not found
Native extension for OSXStandalone target not found
Native extension for WebGL target not found
Refreshing native plugins compatible for Editor in 48.08 ms, found 2 plugins.
Preloading 0 native plugins for Editor in 0.00 ms.
Mono: successfully reloaded assembly
- Completed reload, in  1.009 seconds
Domain Reload Profiling:
	ReloadAssembly (1010ms)
		BeginReloadAssembly (146ms)
			ExecutionOrderSort (0ms)
			DisableScriptedObjects (5ms)
			BackupInstance (0ms)
			ReleaseScriptingObjects (0ms)
			CreateAndSetChildDomain (20ms)
		EndReloadAssembly (800ms)
			LoadAssemblies (92ms)
			RebuildTransferFunctionScriptingTraits (0ms)
			SetupTypeCache (264ms)
			ReleaseScriptCaches (1ms)
			RebuildScriptCaches (41ms)
			SetupLoadedEditorAssemblies (304ms)
				LogAssemblyErrors (0ms)
				InitializePlatformSupportModulesInManaged (6ms)
				SetLoadedEditorAssemblies (0ms)
				RefreshPlugins (48ms)
				BeforeProcessingInitializeOnLoad (76ms)
				ProcessInitializeOnLoadAttributes (165ms)
				ProcessInitializeOnLoadMethodAttributes (3ms)
				AfterProcessingInitializeOnLoad (6ms)
				EditorAssembliesLoaded (0ms)
			ExecutionOrderSort2 (0ms)
			AwakeInstancesAfterBackupRestoration (6ms)
Platform modules already initialized, skipping
========================================================================
Worker process is ready to serve import requests
Launched and connected shader compiler UnityShaderCompiler.exe after 0.04 seconds
Refreshing native plugins compatible for Editor in 0.81 ms, found 2 plugins.
Preloading 0 native plugins for Editor in 0.00 ms.
Unloading 2741 Unused Serialized files (Serialized files now loaded: 0)
System memory in use before: 126.7 MB.
System memory in use after: 126.9 MB.

Unloading 17 unused Assets to reduce memory usage. Loaded Objects now: 3179.
Total: 4.300700 ms (FindLiveObjects: 0.347300 ms CreateObjectMapping: 0.073500 ms MarkObjects: 3.788700 ms  DeleteObjects: 0.089700 ms)

AssetImportParameters requested are different than current active one (requested -> active):
  custom:framework-win-MediaFoundation: 216162199b28c13a410421893ffa2e32 -> 
  custom:video-decoder-ogg-theora: a1e56fd34408186e4bbccfd4996cb3dc -> 
  custom:container-muxer-webm: aa71ff27fc2769a1b78a27578f13a17b -> 
  custom:container-demuxer-webm: 4f35f7cbe854078d1ac9338744f61a02 -> 
  custom:container-demuxer-ogg: 62fdf1f143b41e24485cea50d1cbac27 -> 
  custom:video-encoder-webm-vp8: eb34c28f22e8b96e1ab97ce403110664 -> 
  custom:video-decoder-webm-vp8: 9c59270c3fd7afecdb556c50c9e8de78 -> 
  custom:audio-decoder-ogg-vorbis: bf7c407c2cedff20999df2af8eb42d56 -> 
  custom:audio-encoder-webm-vorbis: bf7c407c2cedff20999df2af8eb42d56 -> 
========================================================================
Received Import Request.
  path: Assets/Materials
  artifactKey: Guid(5c9a2bd0e9d8bba44a881052a2ed1d85) Importer(815301076,1909f56bfc062723c751e8b465ee728b)
Start importing Assets/Materials using Guid(5c9a2bd0e9d8bba44a881052a2ed1d85) Importer(815301076,1909f56bfc062723c751e8b465ee728b)  -> (artifact id: 'b236fb73193f2c9cb1d06a6be66794f5') in 0.024807 seconds 
  Import took 0.028909 seconds .

========================================================================
Received Import Request.
  Time since last request: 0.000164 seconds.
  path: Assets/Materials/FrontCasePlastic.mat
  artifactKey: Guid(dedc7272a7b7f8d4990d486cfe7102c1) Importer(815301076,1909f56bfc062723c751e8b465ee728b)
Start importing Assets/Materials/FrontCasePlastic.mat using Guid(dedc7272a7b7f8d4990d486cfe7102c1) Importer(815301076,1909f56bfc062723c751e8b465ee728b)  -> (artifact id: '90d0e174db65236fe542dc7b6c80077b') in 0.244503 seconds 
  Import took 0.248014 seconds .

========================================================================
Received Import Request.
  Time since last request: 0.000218 seconds.
  path: Assets/Materials/Glow.mat
  artifactKey: Guid(a08123cd6b1b50f47abc414c78a5dfdb) Importer(815301076,1909f56bfc062723c751e8b465ee728b)
Start importing Assets/Materials/Glow.mat using Guid(a08123cd6b1b50f47abc414c78a5dfdb) Importer(815301076,1909f56bfc062723c751e8b465ee728b)  -> (artifact id: '3c43692b6de0b051290b29560cacdc0b') in 0.039712 seconds 
  Import took 0.043519 seconds .

========================================================================
Received Import Request.
  Time since last request: 0.000156 seconds.
  path: Assets/Materials/CaseMetall.mat
  artifactKey: Guid(29140316e0297464fba04734aa306d8f) Importer(815301076,1909f56bfc062723c751e8b465ee728b)
Start importing Assets/Materials/CaseMetall.mat using Guid(29140316e0297464fba04734aa306d8f) Importer(815301076,1909f56bfc062723c751e8b465ee728b)  -> (artifact id: '4045ce882a8fa56d3bbf6d335631efdd') in 0.031288 seconds 
  Import took 0.034585 seconds .

========================================================================
Received Import Request.
  Time since last request: 0.000187 seconds.
  path: Assets/Materials/CasePlastik.mat
  artifactKey: Guid(abd17ae44ebc81f48a27bbdb061e9efd) Importer(815301076,1909f56bfc062723c751e8b465ee728b)
Start importing Assets/Materials/CasePlastik.mat using Guid(abd17ae44ebc81f48a27bbdb061e9efd) Importer(815301076,1909f56bfc062723c751e8b465ee728b)  -> (artifact id: 'd966ba85aca8f420610ad6d6f064d64c') in 0.060155 seconds 
  Import took 0.063684 seconds .

========================================================================
Received Import Request.
  Time since last request: 14.477902 seconds.
  path: Assets/Settings/ForwardRenderer.asset
  artifactKey: Guid(4a8e21d5c33334b11b34a596161b9360) Importer(815301076,1909f56bfc062723c751e8b465ee728b)
Start importing Assets/Settings/ForwardRenderer.asset using Guid(4a8e21d5c33334b11b34a596161b9360) Importer(815301076,1909f56bfc062723c751e8b465ee728b)  -> (artifact id: '0252754b77cd9bf2fafe84963d703d71') in 0.027037 seconds 
  Import took 0.030909 seconds .

========================================================================
Received Import Request.
  Time since last request: 0.000167 seconds.
  path: Assets/Settings/SampleSceneProfile.asset
  artifactKey: Guid(10fc4df2da32a41aaa32d77bc913491c) Importer(815301076,1909f56bfc062723c751e8b465ee728b)
Start importing Assets/Settings/SampleSceneProfile.asset using Guid(10fc4df2da32a41aaa32d77bc913491c) Importer(815301076,1909f56bfc062723c751e8b465ee728b)  -> (artifact id: '30592f174c12d9d8e440573d642b01d7') in 0.022736 seconds 
  Import took 0.026055 seconds .

========================================================================
Received Import Request.
  Time since last request: 0.000167 seconds.
  path: Assets/Settings/UniversalRP-LowQuality.asset
  artifactKey: Guid(a31e9f9f9c9d4b9429ed0d1234e22103) Importer(815301076,1909f56bfc062723c751e8b465ee728b)
Start importing Assets/Settings/UniversalRP-LowQuality.asset using Guid(a31e9f9f9c9d4b9429ed0d1234e22103) Importer(815301076,1909f56bfc062723c751e8b465ee728b)  -> (artifact id: '6873b356855449b052d88fb52d94f6af') in 0.021905 seconds 
  Import took 0.025278 seconds .

========================================================================
Received Import Request.
  Time since last request: 0.000160 seconds.
  path: Assets/Settings/UniversalRP-MediumQuality.asset
  artifactKey: Guid(d847b876476d3d6468f5dfcd34266f96) Importer(815301076,1909f56bfc062723c751e8b465ee728b)
Start importing Assets/Settings/UniversalRP-MediumQuality.asset using Guid(d847b876476d3d6468f5dfcd34266f96) Importer(815301076,1909f56bfc062723c751e8b465ee728b)  -> (artifact id: 'c6cdbeeea9b42e2bf86e8c80c7608cd0') in 0.021760 seconds 
  Import took 0.025399 seconds .

========================================================================
Received Import Request.
  Time since last request: 0.000151 seconds.
  path: Assets/Settings/UniversalRP-HighQuality.asset
  artifactKey: Guid(19ba41d7c0026c3459d37c2fe90c55a0) Importer(815301076,1909f56bfc062723c751e8b465ee728b)
Start importing Assets/Settings/UniversalRP-HighQuality.asset using Guid(19ba41d7c0026c3459d37c2fe90c55a0) Importer(815301076,1909f56bfc062723c751e8b465ee728b)  -> (artifact id: '830a19abacffd2982fe520f0b2e7493f') in 0.021343 seconds 
  Import took 0.024599 seconds .

========================================================================
Received Import Request.
  Time since last request: 0.709935 seconds.
  path: Assets/Shader/Polygon.1.mat
  artifactKey: Guid(502065843919d0e46aa08ab2c4bb9a93) Importer(815301076,1909f56bfc062723c751e8b465ee728b)
Start importing Assets/Shader/Polygon.1.mat using Guid(502065843919d0e46aa08ab2c4bb9a93) Importer(815301076,1909f56bfc062723c751e8b465ee728b)  -> (artifact id: '35a9487fa5ba749e9938cbd66abcc3b6') in 0.033342 seconds 
  Import took 0.037556 seconds .

========================================================================
Received Import Request.
  Time since last request: 0.000167 seconds.
  path: Assets/Shader/Polygon.mat
  artifactKey: Guid(0b50e3f317c26f4448f95e87f350bb72) Importer(815301076,1909f56bfc062723c751e8b465ee728b)
Start importing Assets/Shader/Polygon.mat using Guid(0b50e3f317c26f4448f95e87f350bb72) Importer(815301076,1909f56bfc062723c751e8b465ee728b)  -> (artifact id: 'bb13ff89683e667355ba5f819e086919') in 0.048964 seconds 
  Import took 0.052416 seconds .

========================================================================
Received Import Request.
  Time since last request: 0.000139 seconds.
  path: Assets/Shader/PolygonMuster.png
  artifactKey: Guid(08c7a3d9ae925c645b8070a007e70f7f) Importer(815301076,1909f56bfc062723c751e8b465ee728b)
Start importing Assets/Shader/PolygonMuster.png using Guid(08c7a3d9ae925c645b8070a007e70f7f) Importer(815301076,1909f56bfc062723c751e8b465ee728b)  -> (artifact id: 'd1d2bb3eb9a533ebed9851921e66ee57') in 0.066988 seconds 
  Import took 0.070291 seconds .

========================================================================
Received Import Request.
  Time since last request: 1.288092 seconds.
  path: Assets/TestFolderCS/ChipTyp1.mat
  artifactKey: Guid(ce0dd1a6f22dda14eb2931cb19ceb4ee) Importer(815301076,1909f56bfc062723c751e8b465ee728b)
Start importing Assets/TestFolderCS/ChipTyp1.mat using Guid(ce0dd1a6f22dda14eb2931cb19ceb4ee) Importer(815301076,1909f56bfc062723c751e8b465ee728b)  -> (artifact id: '775660f1b4b8d6f8a62a1ffd66215e35') in 0.034017 seconds 
  Import took 0.037891 seconds .

========================================================================
Received Import Request.
  Time since last request: 0.000166 seconds.
  path: Assets/TestFolderCS/Screws.mat
  artifactKey: Guid(44db777a37aec394db134c6af2be7c5e) Importer(815301076,1909f56bfc062723c751e8b465ee728b)
Start importing Assets/TestFolderCS/Screws.mat using Guid(44db777a37aec394db134c6af2be7c5e) Importer(815301076,1909f56bfc062723c751e8b465ee728b)  -> (artifact id: '50d42f57ecbfe7a38b102f861dc0a9d5') in 0.034558 seconds 
  Import took 0.037948 seconds .

========================================================================
Received Import Request.
  Time since last request: 0.000160 seconds.
  path: Assets/TestFolderCS/Material.001.mat
  artifactKey: Guid(0c1cd701f3eb7ec45a82168f8471e350) Importer(815301076,1909f56bfc062723c751e8b465ee728b)
Start importing Assets/TestFolderCS/Material.001.mat using Guid(0c1cd701f3eb7ec45a82168f8471e350) Importer(815301076,1909f56bfc062723c751e8b465ee728b)  -> (artifact id: '81257053ad30f5c1ac605c129e7ce0cd') in 0.051054 seconds 
  Import took 0.054293 seconds .

========================================================================
Received Import Request.
  Time since last request: 0.000167 seconds.
  path: Assets/TestFolderCS/Material.mat
  artifactKey: Guid(912978f60cf17354bab4004931267d5b) Importer(815301076,1909f56bfc062723c751e8b465ee728b)
Start importing Assets/TestFolderCS/Material.mat using Guid(912978f60cf17354bab4004931267d5b) Importer(815301076,1909f56bfc062723c751e8b465ee728b)  -> (artifact id: '12cd79326cfcf4f2619fda8bc108d618') in 0.036015 seconds 
  Import took 0.039260 seconds .

========================================================================
Received Import Request.
  Time since last request: 0.000191 seconds.
  path: Assets/TestFolderCS/Material.002.mat
  artifactKey: Guid(3ae171a61b324494cac045ba9dfc02c2) Importer(815301076,1909f56bfc062723c751e8b465ee728b)
Start importing Assets/TestFolderCS/Material.002.mat using Guid(3ae171a61b324494cac045ba9dfc02c2) Importer(815301076,1909f56bfc062723c751e8b465ee728b)  -> (artifact id: 'ebd4c00dd38d62b656998a50c67557bf') in 0.036103 seconds 
  Import took 0.039804 seconds .

========================================================================
Received Import Request.
  Time since last request: 0.000167 seconds.
  path: Assets/TestFolderCS/RAM_Plastik.mat
  artifactKey: Guid(0c908aa8833f00f49b1c86ba4310ce0f) Importer(815301076,1909f56bfc062723c751e8b465ee728b)
Start importing Assets/TestFolderCS/RAM_Plastik.mat using Guid(0c908aa8833f00f49b1c86ba4310ce0f) Importer(815301076,1909f56bfc062723c751e8b465ee728b)  -> (artifact id: '34a858f65fe15cd0e60d56838bbc7e43') in 0.028952 seconds 
  Import took 0.032281 seconds .

========================================================================
Received Import Request.
  Time since last request: 0.000166 seconds.
  path: Assets/TestFolderCS/Polygon.4.mat
  artifactKey: Guid(b405c0bd12f75f946a39577bb705ca6e) Importer(815301076,1909f56bfc062723c751e8b465ee728b)
Start importing Assets/TestFolderCS/Polygon.4.mat using Guid(b405c0bd12f75f946a39577bb705ca6e) Importer(815301076,1909f56bfc062723c751e8b465ee728b)  -> (artifact id: 'be9fcfbf5da753571a0fe0aced20e6c1') in 0.037422 seconds 
  Import took 0.040946 seconds .

========================================================================
Received Import Request.
  Time since last request: 0.000164 seconds.
  path: Assets/TestFolderCS/Glass.mat
  artifactKey: Guid(a02f9a472aab82c4ca46f1077039231b) Importer(815301076,1909f56bfc062723c751e8b465ee728b)
Start importing Assets/TestFolderCS/Glass.mat using Guid(a02f9a472aab82c4ca46f1077039231b) Importer(815301076,1909f56bfc062723c751e8b465ee728b)  -> (artifact id: '990492232b94511e4ba246f11a2d49c2') in 0.034683 seconds 
  Import took 0.038105 seconds .

========================================================================
Received Import Request.
  Time since last request: 0.000162 seconds.
  path: Assets/TestFolderCS/SchalterPSU.mat
  artifactKey: Guid(97d77a1d4043e294792bfd651e91bcd4) Importer(815301076,1909f56bfc062723c751e8b465ee728b)
Start importing Assets/TestFolderCS/SchalterPSU.mat using Guid(97d77a1d4043e294792bfd651e91bcd4) Importer(815301076,1909f56bfc062723c751e8b465ee728b)  -> (artifact id: '1dfa81f8fb8a657356e39c8d7d8697ea') in 0.032633 seconds 
  Import took 0.035929 seconds .

========================================================================
Received Import Request.
  Time since last request: 0.000166 seconds.
  path: Assets/TestFolderCS/Polygon.1.mat
  artifactKey: Guid(0f42af8c703d6c842bf14825f269b2e9) Importer(815301076,1909f56bfc062723c751e8b465ee728b)
Start importing Assets/TestFolderCS/Polygon.1.mat using Guid(0f42af8c703d6c842bf14825f269b2e9) Importer(815301076,1909f56bfc062723c751e8b465ee728b)  -> (artifact id: '4b772079ab1a3277744ac910befa02ab') in 0.028521 seconds 
  Import took 0.031809 seconds .

========================================================================
Received Import Request.
  Time since last request: 0.000183 seconds.
  path: Assets/TestFolderCS/CPU_KuelerMetall2.mat
  artifactKey: Guid(50822dfb15b33e749b175a6c6777307b) Importer(815301076,1909f56bfc062723c751e8b465ee728b)
Start importing Assets/TestFolderCS/CPU_KuelerMetall2.mat using Guid(50822dfb15b33e749b175a6c6777307b) Importer(815301076,1909f56bfc062723c751e8b465ee728b)  -> (artifact id: '4f9b970f043b3875f6ac2551adb02f63') in 0.035876 seconds 
  Import took 0.039130 seconds .

========================================================================
Received Import Request.
  Time since last request: 0.000160 seconds.
  path: Assets/TestFolderCS/ScrewBig.mat
  artifactKey: Guid(38415ca081523d14a8274f2c86b29ada) Importer(815301076,1909f56bfc062723c751e8b465ee728b)
Start importing Assets/TestFolderCS/ScrewBig.mat using Guid(38415ca081523d14a8274f2c86b29ada) Importer(815301076,1909f56bfc062723c751e8b465ee728b)  -> (artifact id: '2446640a52abcc6cfe70d55dc70942d4') in 0.027304 seconds 
  Import took 0.030545 seconds .

========================================================================
Received Import Request.
  Time since last request: 0.000154 seconds.
  path: Assets/TestFolderCS/CPU_KuelerMetall.mat
  artifactKey: Guid(546bd3de4c400804cb816592611a53ea) Importer(815301076,1909f56bfc062723c751e8b465ee728b)
Start importing Assets/TestFolderCS/CPU_KuelerMetall.mat using Guid(546bd3de4c400804cb816592611a53ea) Importer(815301076,1909f56bfc062723c751e8b465ee728b)  -> (artifact id: '18d15e0c13f7a9149589b1ed80cf58f0') in 0.036021 seconds 
  Import took 0.039544 seconds .

========================================================================
Received Import Request.
  Time since last request: 0.000168 seconds.
  path: Assets/TestFolderCS/Polygon.3.mat
  artifactKey: Guid(7591dbdc9eba1534d81fdfbb08f9140b) Importer(815301076,1909f56bfc062723c751e8b465ee728b)
Start importing Assets/TestFolderCS/Polygon.3.mat using Guid(7591dbdc9eba1534d81fdfbb08f9140b) Importer(815301076,1909f56bfc062723c751e8b465ee728b)  -> (artifact id: 'e38f464f9158f6a0a71627190f20b1d7') in 0.035576 seconds 
  Import took 0.038915 seconds .

========================================================================
Received Import Request.
  Time since last request: 0.000164 seconds.
  path: Assets/TestFolderCS/ChipTyp2.mat
  artifactKey: Guid(6cb148b8087b8e04bbdf18b0f3553a88) Importer(815301076,1909f56bfc062723c751e8b465ee728b)
Start importing Assets/TestFolderCS/ChipTyp2.mat using Guid(6cb148b8087b8e04bbdf18b0f3553a88) Importer(815301076,1909f56bfc062723c751e8b465ee728b)  -> (artifact id: '4ec1a5e4486038194eefe58dfacc4b90') in 0.039172 seconds 
  Import took 0.042577 seconds .

========================================================================
Received Import Request.
  Time since last request: 0.000147 seconds.
  path: Assets/TestFolderCS/ChipTyp2.001.mat
  artifactKey: Guid(ef198b4024082724e9d030f1aa15856c) Importer(815301076,1909f56bfc062723c751e8b465ee728b)
Start importing Assets/TestFolderCS/ChipTyp2.001.mat using Guid(ef198b4024082724e9d030f1aa15856c) Importer(815301076,1909f56bfc062723c751e8b465ee728b)  -> (artifact id: 'e5350bda58f70b583798c15b668a7399') in 0.031918 seconds 
  Import took 0.035538 seconds .

========================================================================
Received Import Request.
  Time since last request: 0.000167 seconds.
  path: Assets/TestFolderCS/Polygon.mat
  artifactKey: Guid(ea71b245ec8c7d742999c7195e1dd71c) Importer(815301076,1909f56bfc062723c751e8b465ee728b)
Start importing Assets/TestFolderCS/Polygon.mat using Guid(ea71b245ec8c7d742999c7195e1dd71c) Importer(815301076,1909f56bfc062723c751e8b465ee728b)  -> (artifact id: '2057bdbbe1723b44c18545d2ab590677') in 0.027684 seconds 
  Import took 0.031690 seconds .

========================================================================
Received Import Request.
  Time since last request: 0.000182 seconds.
  path: Assets/TestFolderCS/RAM_Glow.mat
  artifactKey: Guid(a329d22b555daae4f873f569b2141459) Importer(815301076,1909f56bfc062723c751e8b465ee728b)
Start importing Assets/TestFolderCS/RAM_Glow.mat using Guid(a329d22b555daae4f873f569b2141459) Importer(815301076,1909f56bfc062723c751e8b465ee728b)  -> (artifact id: 'fad64de5fe6d4957bf5164e754db207e') in 0.027425 seconds 
  Import took 0.031171 seconds .

========================================================================
Received Import Request.
  Time since last request: 0.000175 seconds.
  path: Assets/TestFolderCS/PC_Case_0008.fbx
  artifactKey: Guid(fb075518d8e32e24bb7b77976c793377) Importer(815301076,1909f56bfc062723c751e8b465ee728b)
Start importing Assets/TestFolderCS/PC_Case_0008.fbx using Guid(fb075518d8e32e24bb7b77976c793377) Importer(815301076,1909f56bfc062723c751e8b465ee728b)  -> (artifact id: '61e91b1d70a5b05d3a337b7e05c64584') in 2.718700 seconds 
  Import took 2.724667 seconds .

========================================================================
Received Import Request.
  Time since last request: 0.000179 seconds.
  path: Assets/Textures/Dirt_Smoothness.png
  artifactKey: Guid(6234dde3cb032344983dee97c6a0f102) Importer(815301076,1909f56bfc062723c751e8b465ee728b)
Start importing Assets/Textures/Dirt_Smoothness.png using Guid(6234dde3cb032344983dee97c6a0f102) Importer(815301076,1909f56bfc062723c751e8b465ee728b)  -> (artifact id: '088f3e26d1319dcad19964ee5a81a804') in 0.029593 seconds 
  Import took 0.033433 seconds .

========================================================================
Received Import Request.
  Time since last request: 0.000166 seconds.
  path: Assets/Textures/FrontCase2_Alpha.png
  artifactKey: Guid(e7355d2aa1824ff4dbef6160ed324e14) Importer(815301076,1909f56bfc062723c751e8b465ee728b)
Start importing Assets/Textures/FrontCase2_Alpha.png using Guid(e7355d2aa1824ff4dbef6160ed324e14) Importer(815301076,1909f56bfc062723c751e8b465ee728b)  -> (artifact id: 'e36b90a584c74727401276dd0c4b2421') in 0.032141 seconds 
  Import took 0.035611 seconds .

========================================================================
Received Import Request.
  Time since last request: 0.000165 seconds.
  path: Assets/Textures/CaseText_normal.png
  artifactKey: Guid(70a0c3391c5bc0c43b3e60d7e5925f1c) Importer(815301076,1909f56bfc062723c751e8b465ee728b)
Start importing Assets/Textures/CaseText_normal.png using Guid(70a0c3391c5bc0c43b3e60d7e5925f1c) Importer(815301076,1909f56bfc062723c751e8b465ee728b)  -> (artifact id: '4855563ead4d012a4ce069039c20a98b') in 0.045960 seconds 
  Import took 0.049383 seconds .

========================================================================
Received Import Request.
  Time since last request: 0.000149 seconds.
  path: Assets/Textures/CaseText_mask.png
  artifactKey: Guid(83d06095f8740f54db51512341b176fd) Importer(815301076,1909f56bfc062723c751e8b465ee728b)
Start importing Assets/Textures/CaseText_mask.png using Guid(83d06095f8740f54db51512341b176fd) Importer(815301076,1909f56bfc062723c751e8b465ee728b)  -> (artifact id: '6e4a321273637bf07037422f83e8046c') in 0.027441 seconds 
  Import took 0.030922 seconds .

========================================================================
Received Import Request.
  Time since last request: 0.000169 seconds.
  path: Assets/TestFolderCS/Material.004.mat
  artifactKey: Guid(5f75a7eb88731fa4bb08b615690b2d3d) Importer(815301076,1909f56bfc062723c751e8b465ee728b)
Start importing Assets/TestFolderCS/Material.004.mat using Guid(5f75a7eb88731fa4bb08b615690b2d3d) Importer(815301076,1909f56bfc062723c751e8b465ee728b)  -> (artifact id: 'e1beaca437e06b0a035380d4539b9da1') in 0.033325 seconds 
  Import took 0.036859 seconds .

========================================================================
Received Import Request.
  Time since last request: 0.000134 seconds.
  path: Assets/TestFolderCS/Material.005.mat
  artifactKey: Guid(0c30b468faf07c740a382c2b985f06e0) Importer(815301076,1909f56bfc062723c751e8b465ee728b)
Start importing Assets/TestFolderCS/Material.005.mat using Guid(0c30b468faf07c740a382c2b985f06e0) Importer(815301076,1909f56bfc062723c751e8b465ee728b)  -> (artifact id: 'acce52506eab93a6dec7dfaf90998369') in 0.105101 seconds 
  Import took 0.261334 seconds .

========================================================================
Received Import Request.
  Time since last request: 0.000195 seconds.
  path: Assets/TestFolderCS/Mat.1.mat
  artifactKey: Guid(58b6e95eb1e3daf45b8c8df931f01e02) Importer(815301076,1909f56bfc062723c751e8b465ee728b)
Start importing Assets/TestFolderCS/Mat.1.mat using Guid(58b6e95eb1e3daf45b8c8df931f01e02) Importer(815301076,1909f56bfc062723c751e8b465ee728b)  -> (artifact id: '5bb60bdcb6447ba94cc304f82df435cf') in 0.035429 seconds 
  Import took 0.039327 seconds .

========================================================================
Received Import Request.
  Time since last request: 0.000136 seconds.
  path: Assets/TestFolderCS/Material.003.mat
  artifactKey: Guid(0dc7e174e2179e446be6dc7be76acaee) Importer(815301076,1909f56bfc062723c751e8b465ee728b)
Start importing Assets/TestFolderCS/Material.003.mat using Guid(0dc7e174e2179e446be6dc7be76acaee) Importer(815301076,1909f56bfc062723c751e8b465ee728b)  -> (artifact id: 'e3cd3fcc681af6872e88e569af2c2e70') in 0.030523 seconds 
  Import took 0.033864 seconds .

========================================================================
Received Prepare
Registering precompiled user dll's ...
Registered in 0.002918 seconds.
Begin MonoManager ReloadAssembly
Native extension for LinuxStandalone target not found
Native extension for WindowsStandalone target not found
Native extension for OSXStandalone target not found
Native extension for WebGL target not found
Refreshing native plugins compatible for Editor in 0.48 ms, found 2 plugins.
Preloading 0 native plugins for Editor in 0.00 ms.
Mono: successfully reloaded assembly
- Completed reload, in  0.921 seconds
Domain Reload Profiling:
	ReloadAssembly (921ms)
		BeginReloadAssembly (114ms)
			ExecutionOrderSort (0ms)
			DisableScriptedObjects (6ms)
			BackupInstance (0ms)
			ReleaseScriptingObjects (0ms)
			CreateAndSetChildDomain (34ms)
		EndReloadAssembly (753ms)
			LoadAssemblies (80ms)
			RebuildTransferFunctionScriptingTraits (0ms)
			SetupTypeCache (253ms)
			ReleaseScriptCaches (1ms)
			RebuildScriptCaches (34ms)
			SetupLoadedEditorAssemblies (244ms)
				LogAssemblyErrors (0ms)
				InitializePlatformSupportModulesInManaged (6ms)
				SetLoadedEditorAssemblies (0ms)
				RefreshPlugins (1ms)
				BeforeProcessingInitializeOnLoad (70ms)
				ProcessInitializeOnLoadAttributes (159ms)
				ProcessInitializeOnLoadMethodAttributes (3ms)
				AfterProcessingInitializeOnLoad (5ms)
				EditorAssembliesLoaded (0ms)
			ExecutionOrderSort2 (0ms)
			AwakeInstancesAfterBackupRestoration (39ms)
Platform modules already initialized, skipping
Refreshing native plugins compatible for Editor in 0.49 ms, found 2 plugins.
Preloading 0 native plugins for Editor in 0.00 ms.
Unloading 2631 Unused Serialized files (Serialized files now loaded: 0)
System memory in use before: 125.2 MB.
System memory in use after: 125.4 MB.

Unloading 12 unused Assets to reduce memory usage. Loaded Objects now: 3283.
Total: 3.111800 ms (FindLiveObjects: 0.237400 ms CreateObjectMapping: 0.065000 ms MarkObjects: 2.792900 ms  DeleteObjects: 0.015800 ms)

AssetImportParameters requested are different than current active one (requested -> active):
  custom:framework-win-MediaFoundation: 216162199b28c13a410421893ffa2e32 -> 
  custom:video-decoder-ogg-theora: a1e56fd34408186e4bbccfd4996cb3dc -> 
  custom:container-muxer-webm: aa71ff27fc2769a1b78a27578f13a17b -> 
  custom:container-demuxer-webm: 4f35f7cbe854078d1ac9338744f61a02 -> 
  custom:container-demuxer-ogg: 62fdf1f143b41e24485cea50d1cbac27 -> 
  custom:video-encoder-webm-vp8: eb34c28f22e8b96e1ab97ce403110664 -> 
  custom:video-decoder-webm-vp8: 9c59270c3fd7afecdb556c50c9e8de78 -> 
  custom:audio-decoder-ogg-vorbis: bf7c407c2cedff20999df2af8eb42d56 -> 
  custom:audio-encoder-webm-vorbis: bf7c407c2cedff20999df2af8eb42d56 -> 
========================================================================
Received Import Request.
  Time since last request: 247.450220 seconds.
  path: Assets/Scenes/Testscene/LightingData.asset
  artifactKey: Guid(d8c7dcc2e2521aa4c96a86cddb6bdb96) Importer(815301076,1909f56bfc062723c751e8b465ee728b)
Start importing Assets/Scenes/Testscene/LightingData.asset using Guid(d8c7dcc2e2521aa4c96a86cddb6bdb96) Importer(815301076,1909f56bfc062723c751e8b465ee728b)  -> (artifact id: '31fe9d573f2e32b9277a1cd9aa281176') in 0.038506 seconds 
  Import took 0.042558 seconds .

========================================================================
Received Import Request.
  Time since last request: 0.000172 seconds.
  path: Assets/Scenes/Testscene/ReflectionProbe-0.exr
  artifactKey: Guid(b00885c39d79d3d4dacf039b544e89b4) Importer(815301076,1909f56bfc062723c751e8b465ee728b)
Start importing Assets/Scenes/Testscene/ReflectionProbe-0.exr using Guid(b00885c39d79d3d4dacf039b544e89b4) Importer(815301076,1909f56bfc062723c751e8b465ee728b)  -> (artifact id: 'f66a98ca9a34d08fcad848dc9339b3c4') in 0.076389 seconds 
  Import took 0.080082 seconds .

========================================================================
Received Import Request.
  Time since last request: 25.624032 seconds.
  path: Assets/Meshes
  artifactKey: Guid(5fb488f340af2a7408ef5ccabd576b24) Importer(815301076,1909f56bfc062723c751e8b465ee728b)
Start importing Assets/Meshes using Guid(5fb488f340af2a7408ef5ccabd576b24) Importer(815301076,1909f56bfc062723c751e8b465ee728b)  -> (artifact id: '3e3867fe53181bc456fb4c1fa4bea20b') in 0.026316 seconds 
  Import took 0.030221 seconds .

========================================================================
Received Import Request.
  Time since last request: 11.257325 seconds.
  path: Assets/Meshes/Mainboard.fbx
  artifactKey: Guid(89b3f37204b83694aad8eb35c2b5c1cb) Importer(815301076,1909f56bfc062723c751e8b465ee728b)
Start importing Assets/Meshes/Mainboard.fbx using Guid(89b3f37204b83694aad8eb35c2b5c1cb) Importer(815301076,1909f56bfc062723c751e8b465ee728b)  -> (artifact id: 'de63843596e9aa5d84a43413cfc74bcb') in 0.125372 seconds 
  Import took 0.129710 seconds .

========================================================================
Received Import Request.
  Time since last request: 277.929860 seconds.
  path: Assets/Meshes/Mainboard.fbx
  artifactKey: Guid(89b3f37204b83694aad8eb35c2b5c1cb) Importer(815301076,1909f56bfc062723c751e8b465ee728b)
Start importing Assets/Meshes/Mainboard.fbx using Guid(89b3f37204b83694aad8eb35c2b5c1cb) Importer(815301076,1909f56bfc062723c751e8b465ee728b)  -> (artifact id: '193a93dda03ed9fd7d0c9507b78210a0') in 0.052373 seconds 
  Import took 0.056835 seconds .

========================================================================
Received Import Request.
  Time since last request: 0.001208 seconds.
  path: Assets/Meshes/Mainboard.fbx
  artifactKey: Guid(89b3f37204b83694aad8eb35c2b5c1cb) Importer(815301076,1909f56bfc062723c751e8b465ee728b)
Start importing Assets/Meshes/Mainboard.fbx using Guid(89b3f37204b83694aad8eb35c2b5c1cb) Importer(815301076,1909f56bfc062723c751e8b465ee728b)  -> (artifact id: '193a93dda03ed9fd7d0c9507b78210a0') in 0.044376 seconds 
  Import took 0.047990 seconds .

========================================================================
Received Import Request.
  Time since last request: 966.131931 seconds.
  path: Assets/Meshes/Mainboard.fbx
  artifactKey: Guid(89b3f37204b83694aad8eb35c2b5c1cb) Importer(815301076,1909f56bfc062723c751e8b465ee728b)
Start importing Assets/Meshes/Mainboard.fbx using Guid(89b3f37204b83694aad8eb35c2b5c1cb) Importer(815301076,1909f56bfc062723c751e8b465ee728b)  -> (artifact id: '9e78e1b36a85d8e8e984ac97b8807f35') in 0.059455 seconds 
  Import took 0.063862 seconds .

========================================================================
Received Import Request.
  Time since last request: 32.395531 seconds.
  path: Assets/Meshes/Mainboard.fbx
  artifactKey: Guid(89b3f37204b83694aad8eb35c2b5c1cb) Importer(815301076,1909f56bfc062723c751e8b465ee728b)
Start importing Assets/Meshes/Mainboard.fbx using Guid(89b3f37204b83694aad8eb35c2b5c1cb) Importer(815301076,1909f56bfc062723c751e8b465ee728b)  -> (artifact id: 'f5a7bc96a057f9ee182350a90ea54c2f') in 0.038971 seconds 
  Import took 0.042988 seconds .

========================================================================
Received Import Request.
  Time since last request: 3.964545 seconds.
  path: Assets/Materials/Material.009.mat
  artifactKey: Guid(0fa3684c35a10ad4fb4a168a5db01929) Importer(815301076,1909f56bfc062723c751e8b465ee728b)
Start importing Assets/Materials/Material.009.mat using Guid(0fa3684c35a10ad4fb4a168a5db01929) Importer(815301076,1909f56bfc062723c751e8b465ee728b)  -> (artifact id: '3b602facee501d99c7ba105a660b53fa') in 0.031960 seconds 
  Import took 0.036146 seconds .

========================================================================
Received Import Request.
  Time since last request: 0.003044 seconds.
  path: Assets/Materials/Material.009.mat
  artifactKey: Guid(0fa3684c35a10ad4fb4a168a5db01929) Importer(815301076,1909f56bfc062723c751e8b465ee728b)
Start importing Assets/Materials/Material.009.mat using Guid(0fa3684c35a10ad4fb4a168a5db01929) Importer(815301076,1909f56bfc062723c751e8b465ee728b)  -> (artifact id: '3b602facee501d99c7ba105a660b53fa') in 0.025661 seconds 
  Import took 0.029355 seconds .

========================================================================
Received Import Request.
  Time since last request: 9.283864 seconds.
  path: Assets/Materials/Mainboard.mat
  artifactKey: Guid(0fa3684c35a10ad4fb4a168a5db01929) Importer(815301076,1909f56bfc062723c751e8b465ee728b)
Start importing Assets/Materials/Mainboard.mat using Guid(0fa3684c35a10ad4fb4a168a5db01929) Importer(815301076,1909f56bfc062723c751e8b465ee728b)  -> (artifact id: '882706d6d11f35c6632a51e24774cad0') in 0.221200 seconds 
  Import took 0.224935 seconds .

========================================================================
Received Import Request.
  Time since last request: 6.504474 seconds.
  path: Assets/Textures
  artifactKey: Guid(c1f5720ffc01a704d82e93106be77608) Importer(815301076,1909f56bfc062723c751e8b465ee728b)
Start importing Assets/Textures using Guid(c1f5720ffc01a704d82e93106be77608) Importer(815301076,1909f56bfc062723c751e8b465ee728b)  -> (artifact id: '37187f78c1c5612089d38b49d1332429') in 0.020082 seconds 
  Import took 0.023894 seconds .

========================================================================
Received Import Request.
  Time since last request: 8.477935 seconds.
  path: Assets/Textures/Mainboard
  artifactKey: Guid(4db901622303f18468c455d7090daad9) Importer(815301076,1909f56bfc062723c751e8b465ee728b)
Start importing Assets/Textures/Mainboard using Guid(4db901622303f18468c455d7090daad9) Importer(815301076,1909f56bfc062723c751e8b465ee728b)  -> (artifact id: '60119a32879b35289340af77e09d9bb7') in 0.020161 seconds 
  Import took 0.024138 seconds .

========================================================================
Received Import Request.
  Time since last request: 36.074032 seconds.
  path: Assets/Textures/Mainboard/MainboardMat1,Matellic4K.png
  artifactKey: Guid(348b1898a6b9be54bb16eba8c1c15561) Importer(815301076,1909f56bfc062723c751e8b465ee728b)
Start importing Assets/Textures/Mainboard/MainboardMat1,Matellic4K.png using Guid(348b1898a6b9be54bb16eba8c1c15561) Importer(815301076,1909f56bfc062723c751e8b465ee728b)  -> (artifact id: '49e089d63f714ba9077d74ad6d955975') in 0.030800 seconds 
  Import took 0.034744 seconds .

========================================================================
Received Import Request.
  Time since last request: 0.000160 seconds.
  path: Assets/Textures/Mainboard/MainboardMatAO.png
  artifactKey: Guid(5c5458699c1d5d74e965067a14c8df8c) Importer(815301076,1909f56bfc062723c751e8b465ee728b)
Start importing Assets/Textures/Mainboard/MainboardMatAO.png using Guid(5c5458699c1d5d74e965067a14c8df8c) Importer(815301076,1909f56bfc062723c751e8b465ee728b)  -> (artifact id: '0db18586e2ffa35e827cf6f65427d60a') in 0.028143 seconds 
  Import took 0.031374 seconds .

========================================================================
Received Import Request.
  Time since last request: 0.000160 seconds.
  path: Assets/Textures/Mainboard/MainboardMat3BaseColor4K.png
  artifactKey: Guid(1b5c2a4c5c7b39541885a4b89296aee7) Importer(815301076,1909f56bfc062723c751e8b465ee728b)
Start importing Assets/Textures/Mainboard/MainboardMat3BaseColor4K.png using Guid(1b5c2a4c5c7b39541885a4b89296aee7) Importer(815301076,1909f56bfc062723c751e8b465ee728b)  -> (artifact id: '056384ad3e0460433b4a8cdcc16db352') in 0.026506 seconds 
  Import took 0.029863 seconds .

========================================================================
Received Import Request.
  Time since last request: 0.000160 seconds.
  path: Assets/Textures/Mainboard/MainboardMat1Normal4K.png
  artifactKey: Guid(5c817abaeed82e34ba96ed3a0b435edd) Importer(815301076,1909f56bfc062723c751e8b465ee728b)
Start importing Assets/Textures/Mainboard/MainboardMat1Normal4K.png using Guid(5c817abaeed82e34ba96ed3a0b435edd) Importer(815301076,1909f56bfc062723c751e8b465ee728b)  -> (artifact id: '64d4d373c187948323c9753a148571ad') in 0.028051 seconds 
  Import took 0.032013 seconds .

========================================================================
Received Import Request.
  Time since last request: 0.000197 seconds.
  path: Assets/Textures/Mainboard/MainboardMat1BaseColor4K.png
  artifactKey: Guid(ecd9e7d0c3b601949b5ed7892cf6ab89) Importer(815301076,1909f56bfc062723c751e8b465ee728b)
Start importing Assets/Textures/Mainboard/MainboardMat1BaseColor4K.png using Guid(ecd9e7d0c3b601949b5ed7892cf6ab89) Importer(815301076,1909f56bfc062723c751e8b465ee728b)  -> (artifact id: 'aecb90a0e80d0fde6d45f7eaf3e21e94') in 0.028879 seconds 
  Import took 0.032813 seconds .

========================================================================
Received Import Request.
  Time since last request: 0.000150 seconds.
  path: Assets/Textures/Mainboard/MainboardMat1Roughness4K.png
  artifactKey: Guid(9473a14eff0847b4c8ad757e304e4219) Importer(815301076,1909f56bfc062723c751e8b465ee728b)
Start importing Assets/Textures/Mainboard/MainboardMat1Roughness4K.png using Guid(9473a14eff0847b4c8ad757e304e4219) Importer(815301076,1909f56bfc062723c751e8b465ee728b)  -> (artifact id: 'c1d403f11197613b1198d77a6a1ad429') in 0.051779 seconds 
  Import took 0.055076 seconds .

========================================================================
Received Import Request.
  Time since last request: 0.000179 seconds.
  path: Assets/Textures/Mainboard/MainboardMat1Emission4k.png
  artifactKey: Guid(db3d152dcde92f64fbcc0caa72b11245) Importer(815301076,1909f56bfc062723c751e8b465ee728b)
Start importing Assets/Textures/Mainboard/MainboardMat1Emission4k.png using Guid(db3d152dcde92f64fbcc0caa72b11245) Importer(815301076,1909f56bfc062723c751e8b465ee728b)  -> (artifact id: '1cf55d195f08cb8247dc6b6f662e7215') in 0.026498 seconds 
  Import took 0.029781 seconds .

========================================================================
Received Import Request.
  Time since last request: 0.000159 seconds.
  path: Assets/Textures/Mainboard/MainboardMat2BaseColor4K.png
  artifactKey: Guid(c343bfad503048e4fa864ffc27251e79) Importer(815301076,1909f56bfc062723c751e8b465ee728b)
Start importing Assets/Textures/Mainboard/MainboardMat2BaseColor4K.png using Guid(c343bfad503048e4fa864ffc27251e79) Importer(815301076,1909f56bfc062723c751e8b465ee728b)  -> (artifact id: '3895277f87ed3698581665688d9e13fd') in 0.028921 seconds 
  Import took 0.032195 seconds .

========================================================================
Received Import Request.
  Time since last request: 0.000176 seconds.
  path: Assets/Textures/Mainboard/MainboardMat4BaseColor.png
  artifactKey: Guid(be86ba8cdf1650d4c934648dcc38cab9) Importer(815301076,1909f56bfc062723c751e8b465ee728b)
Start importing Assets/Textures/Mainboard/MainboardMat4BaseColor.png using Guid(be86ba8cdf1650d4c934648dcc38cab9) Importer(815301076,1909f56bfc062723c751e8b465ee728b)  -> (artifact id: '4cbd0358e499bddffe94bed4ba956ea4') in 0.026501 seconds 
  Import took 0.029875 seconds .

========================================================================
Received Import Request.
  Time since last request: 75.343674 seconds.
  path: Assets/Textures/Mainboard/MainboardMat1BaseColor4K.png
  artifactKey: Guid(ecd9e7d0c3b601949b5ed7892cf6ab89) Importer(815301076,1909f56bfc062723c751e8b465ee728b)
Start importing Assets/Textures/Mainboard/MainboardMat1BaseColor4K.png using Guid(ecd9e7d0c3b601949b5ed7892cf6ab89) Importer(815301076,1909f56bfc062723c751e8b465ee728b)  -> (artifact id: 'a12f935777e0009e415fb01c8cf9e48d') in 0.038131 seconds 
  Import took 0.042099 seconds .

========================================================================
Received Import Request.
  Time since last request: 28.548654 seconds.
  path: Assets/Textures/Mainboard/MainboardMat1Normal4K.png
  artifactKey: Guid(5c817abaeed82e34ba96ed3a0b435edd) Importer(815301076,1909f56bfc062723c751e8b465ee728b)
Start importing Assets/Textures/Mainboard/MainboardMat1Normal4K.png using Guid(5c817abaeed82e34ba96ed3a0b435edd) Importer(815301076,1909f56bfc062723c751e8b465ee728b)  -> (artifact id: '047f45a1c026457251edceaf3468d68b') in 0.029065 seconds 
  Import took 0.033709 seconds .

========================================================================
Received Import Request.
  Time since last request: 52.672347 seconds.
  path: Assets/Shader
  artifactKey: Guid(a4d2bcfeb69d59c438298637d423b02e) Importer(815301076,1909f56bfc062723c751e8b465ee728b)
Start importing Assets/Shader using Guid(a4d2bcfeb69d59c438298637d423b02e) Importer(815301076,1909f56bfc062723c751e8b465ee728b)  -> (artifact id: 'b84b25aae4993ff439322f230a617aa2') in 0.020202 seconds 
  Import took 0.024092 seconds .

========================================================================
Received Import Request.
  Time since last request: 191.495048 seconds.
  path: Assets/Shader/Mainboard.shadergraph
  artifactKey: Guid(d47d26fb6f2be8c449ad21690d1a0575) Importer(815301076,1909f56bfc062723c751e8b465ee728b)
Start importing Assets/Shader/Mainboard.shadergraph using Guid(d47d26fb6f2be8c449ad21690d1a0575) Importer(815301076,1909f56bfc062723c751e8b465ee728b)  -> (artifact id: 'c883eb1b72ffac2209407eeb195f81bf') in 0.023894 seconds 
  Import took 0.027860 seconds .

========================================================================
Received Import Request.
  Time since last request: 0.460327 seconds.
  path: Assets/Shader/Mainboard.shadergraph
  artifactKey: Guid(d47d26fb6f2be8c449ad21690d1a0575) Importer(815301076,1909f56bfc062723c751e8b465ee728b)
Start importing Assets/Shader/Mainboard.shadergraph using Guid(d47d26fb6f2be8c449ad21690d1a0575) Importer(815301076,1909f56bfc062723c751e8b465ee728b)  -> (artifact id: 'c883eb1b72ffac2209407eeb195f81bf') in 0.021622 seconds 
  Import took 0.025661 seconds .

========================================================================
Received Import Request.
  Time since last request: 131.759220 seconds.
  path: Assets/Shader/Mainboard.shadergraph
  artifactKey: Guid(d47d26fb6f2be8c449ad21690d1a0575) Importer(815301076,1909f56bfc062723c751e8b465ee728b)
Start importing Assets/Shader/Mainboard.shadergraph using Guid(d47d26fb6f2be8c449ad21690d1a0575) Importer(815301076,1909f56bfc062723c751e8b465ee728b)  -> (artifact id: '964da20e70ac3ca7d3737b87fd6c2350') in 0.021261 seconds 
  Import took 0.025453 seconds .

========================================================================
Received Import Request.
  Time since last request: 0.066091 seconds.
  path: Assets/Shader/Mainboard.shadergraph
  artifactKey: Guid(d47d26fb6f2be8c449ad21690d1a0575) Importer(815301076,1909f56bfc062723c751e8b465ee728b)
Start importing Assets/Shader/Mainboard.shadergraph using Guid(d47d26fb6f2be8c449ad21690d1a0575) Importer(815301076,1909f56bfc062723c751e8b465ee728b)  -> (artifact id: '964da20e70ac3ca7d3737b87fd6c2350') in 0.025683 seconds 
  Import took 0.029754 seconds .

========================================================================
Received Import Request.
  Time since last request: 1075.090488 seconds.
  path: Assets/Textures/Mainboard/MainboardMat1Normal4K.png
  artifactKey: Guid(5c817abaeed82e34ba96ed3a0b435edd) Importer(815301076,1909f56bfc062723c751e8b465ee728b)
Start importing Assets/Textures/Mainboard/MainboardMat1Normal4K.png using Guid(5c817abaeed82e34ba96ed3a0b435edd) Importer(815301076,1909f56bfc062723c751e8b465ee728b)  -> (artifact id: '9ff97c3907ae42c958f37728096c0cd5') in 0.030365 seconds 
  Import took 0.034590 seconds .

========================================================================
Received Import Request.
  Time since last request: 0.000170 seconds.
  path: Assets/Textures/Mainboard/MainboardMat1NormalMap4K.png
  artifactKey: Guid(8b57f0e941f62b243b157193ca1f1734) Importer(815301076,1909f56bfc062723c751e8b465ee728b)
Start importing Assets/Textures/Mainboard/MainboardMat1NormalMap4K.png using Guid(8b57f0e941f62b243b157193ca1f1734) Importer(815301076,1909f56bfc062723c751e8b465ee728b)  -> (artifact id: '989fe1f8fe9ecaba5efdf2ab5a93f0c2') in 0.027524 seconds 
  Import took 0.030816 seconds .

========================================================================
Received Import Request.
  Time since last request: 21.163075 seconds.
  path: Assets/Textures/Mainboard/MainboardMat1NormalMap4K.png
  artifactKey: Guid(8b57f0e941f62b243b157193ca1f1734) Importer(815301076,1909f56bfc062723c751e8b465ee728b)
Start importing Assets/Textures/Mainboard/MainboardMat1NormalMap4K.png using Guid(8b57f0e941f62b243b157193ca1f1734) Importer(815301076,1909f56bfc062723c751e8b465ee728b)  -> (artifact id: '51f3fe02778411c59a208c526ad39cb1') in 0.025410 seconds 
  Import took 0.029465 seconds .

========================================================================
Received Import Request.
  Time since last request: 84.145469 seconds.
  path: Assets/Textures/Mainboard/MainboardMat1Matellic4K.png
  artifactKey: Guid(348b1898a6b9be54bb16eba8c1c15561) Importer(815301076,1909f56bfc062723c751e8b465ee728b)
Start importing Assets/Textures/Mainboard/MainboardMat1Matellic4K.png using Guid(348b1898a6b9be54bb16eba8c1c15561) Importer(815301076,1909f56bfc062723c751e8b465ee728b)  -> (artifact id: 'c9cabfe678505c90a0114078d2ccb42b') in 0.027630 seconds 
  Import took 0.032202 seconds .

========================================================================
Received Import Request.
  Time since last request: 3157.617678 seconds.
  path: Assets/Textures/Mainboard/MainboardMat1Emission4k.png
  artifactKey: Guid(db3d152dcde92f64fbcc0caa72b11245) Importer(815301076,1909f56bfc062723c751e8b465ee728b)
Start importing Assets/Textures/Mainboard/MainboardMat1Emission4k.png using Guid(db3d152dcde92f64fbcc0caa72b11245) Importer(815301076,1909f56bfc062723c751e8b465ee728b)  -> (artifact id: '2277a407963385451bbaf7429103644d') in 0.037363 seconds 
  Import took 0.041811 seconds .

========================================================================
Received Import Request.
  Time since last request: 0.000172 seconds.
  path: Assets/Textures/Mainboard/MainboardMat1Matellic4K.png
  artifactKey: Guid(348b1898a6b9be54bb16eba8c1c15561) Importer(815301076,1909f56bfc062723c751e8b465ee728b)
Start importing Assets/Textures/Mainboard/MainboardMat1Matellic4K.png using Guid(348b1898a6b9be54bb16eba8c1c15561) Importer(815301076,1909f56bfc062723c751e8b465ee728b)  -> (artifact id: '93122204799fab912981a0ee151f5bde') in 0.028206 seconds 
  Import took 0.031536 seconds .

========================================================================
Received Import Request.
  Time since last request: 0.000138 seconds.
  path: Assets/Textures/Mainboard/MainboardMat1Emission4k.png
  artifactKey: Guid(db3d152dcde92f64fbcc0caa72b11245) Importer(815301076,1909f56bfc062723c751e8b465ee728b)
Start importing Assets/Textures/Mainboard/MainboardMat1Emission4k.png using Guid(db3d152dcde92f64fbcc0caa72b11245) Importer(815301076,1909f56bfc062723c751e8b465ee728b)  -> (artifact id: '2277a407963385451bbaf7429103644d') in 0.026090 seconds 
  Import took 0.029408 seconds .

========================================================================
Received Import Request.
  Time since last request: 0.000156 seconds.
  path: Assets/Textures/Mainboard/MainboardMat1Matellic4K.png
  artifactKey: Guid(348b1898a6b9be54bb16eba8c1c15561) Importer(815301076,1909f56bfc062723c751e8b465ee728b)
Start importing Assets/Textures/Mainboard/MainboardMat1Matellic4K.png using Guid(348b1898a6b9be54bb16eba8c1c15561) Importer(815301076,1909f56bfc062723c751e8b465ee728b)  -> (artifact id: '93122204799fab912981a0ee151f5bde') in 0.026104 seconds 
  Import took 0.029349 seconds .

========================================================================
Received Import Request.
  Time since last request: 506.981641 seconds.
  path: Assets/Shader/Mainboard.shadergraph
  artifactKey: Guid(d47d26fb6f2be8c449ad21690d1a0575) Importer(815301076,1909f56bfc062723c751e8b465ee728b)
Start importing Assets/Shader/Mainboard.shadergraph using Guid(d47d26fb6f2be8c449ad21690d1a0575) Importer(815301076,1909f56bfc062723c751e8b465ee728b)  -> (artifact id: '1dbb3dd363c348477792deabc493d8f9') in 0.023380 seconds 
  Import took 0.027637 seconds .

========================================================================
Received Import Request.
  Time since last request: 324.210157 seconds.
  path: Assets/Textures/Mainboard/MainboardMat1Roughness4K.png
  artifactKey: Guid(9473a14eff0847b4c8ad757e304e4219) Importer(815301076,1909f56bfc062723c751e8b465ee728b)
Start importing Assets/Textures/Mainboard/MainboardMat1Roughness4K.png using Guid(9473a14eff0847b4c8ad757e304e4219) Importer(815301076,1909f56bfc062723c751e8b465ee728b)  -> (artifact id: '011f319ae6a279a89d3ca7dd31435982') in 0.027182 seconds 
  Import took 0.031211 seconds .

========================================================================
Received Prepare
Registering precompiled user dll's ...
Registered in 0.003044 seconds.
Begin MonoManager ReloadAssembly
Native extension for LinuxStandalone target not found
Native extension for WindowsStandalone target not found
Native extension for OSXStandalone target not found
Native extension for WebGL target not found
Refreshing native plugins compatible for Editor in 0.55 ms, found 2 plugins.
Preloading 0 native plugins for Editor in 0.00 ms.
Mono: successfully reloaded assembly
- Completed reload, in  1.065 seconds
Domain Reload Profiling:
	ReloadAssembly (1066ms)
		BeginReloadAssembly (176ms)
			ExecutionOrderSort (0ms)
			DisableScriptedObjects (17ms)
			BackupInstance (0ms)
			ReleaseScriptingObjects (0ms)
			CreateAndSetChildDomain (85ms)
		EndReloadAssembly (830ms)
			LoadAssemblies (90ms)
			RebuildTransferFunctionScriptingTraits (0ms)
			SetupTypeCache (289ms)
			ReleaseScriptCaches (1ms)
			RebuildScriptCaches (35ms)
			SetupLoadedEditorAssemblies (259ms)
				LogAssemblyErrors (0ms)
				InitializePlatformSupportModulesInManaged (7ms)
				SetLoadedEditorAssemblies (0ms)
				RefreshPlugins (1ms)
				BeforeProcessingInitializeOnLoad (74ms)
				ProcessInitializeOnLoadAttributes (168ms)
				ProcessInitializeOnLoadMethodAttributes (3ms)
				AfterProcessingInitializeOnLoad (5ms)
				EditorAssembliesLoaded (0ms)
			ExecutionOrderSort2 (0ms)
			AwakeInstancesAfterBackupRestoration (42ms)
Platform modules already initialized, skipping
Refreshing native plugins compatible for Editor in 0.53 ms, found 2 plugins.
Preloading 0 native plugins for Editor in 0.00 ms.
Unloading 2630 Unused Serialized files (Serialized files now loaded: 0)
System memory in use before: 125.4 MB.
System memory in use after: 125.7 MB.

Unloading 12 unused Assets to reduce memory usage. Loaded Objects now: 3326.
Total: 3.539500 ms (FindLiveObjects: 0.322200 ms CreateObjectMapping: 0.060700 ms MarkObjects: 3.127500 ms  DeleteObjects: 0.027500 ms)

AssetImportParameters requested are different than current active one (requested -> active):
  custom:framework-win-MediaFoundation: 216162199b28c13a410421893ffa2e32 -> 
  custom:video-decoder-ogg-theora: a1e56fd34408186e4bbccfd4996cb3dc -> 
  custom:container-muxer-webm: aa71ff27fc2769a1b78a27578f13a17b -> 
  custom:container-demuxer-webm: 4f35f7cbe854078d1ac9338744f61a02 -> 
  custom:container-demuxer-ogg: 62fdf1f143b41e24485cea50d1cbac27 -> 
  custom:video-encoder-webm-vp8: eb34c28f22e8b96e1ab97ce403110664 -> 
  custom:video-decoder-webm-vp8: 9c59270c3fd7afecdb556c50c9e8de78 -> 
  custom:audio-decoder-ogg-vorbis: bf7c407c2cedff20999df2af8eb42d56 -> 
  custom:audio-encoder-webm-vorbis: bf7c407c2cedff20999df2af8eb42d56 -> 
========================================================================
Received Prepare
Registering precompiled user dll's ...
Registered in 0.002678 seconds.
Begin MonoManager ReloadAssembly
Native extension for LinuxStandalone target not found
Native extension for WindowsStandalone target not found
Native extension for OSXStandalone target not found
Native extension for WebGL target not found
Refreshing native plugins compatible for Editor in 0.61 ms, found 2 plugins.
Preloading 0 native plugins for Editor in 0.00 ms.
Mono: successfully reloaded assembly
- Completed reload, in  0.880 seconds
Domain Reload Profiling:
	ReloadAssembly (881ms)
		BeginReloadAssembly (96ms)
			ExecutionOrderSort (0ms)
			DisableScriptedObjects (4ms)
			BackupInstance (0ms)
			ReleaseScriptingObjects (0ms)
			CreateAndSetChildDomain (30ms)
		EndReloadAssembly (730ms)
			LoadAssemblies (75ms)
			RebuildTransferFunctionScriptingTraits (0ms)
			SetupTypeCache (249ms)
			ReleaseScriptCaches (1ms)
			RebuildScriptCaches (34ms)
			SetupLoadedEditorAssemblies (249ms)
				LogAssemblyErrors (0ms)
				InitializePlatformSupportModulesInManaged (6ms)
				SetLoadedEditorAssemblies (0ms)
				RefreshPlugins (1ms)
				BeforeProcessingInitializeOnLoad (72ms)
				ProcessInitializeOnLoadAttributes (161ms)
				ProcessInitializeOnLoadMethodAttributes (3ms)
				AfterProcessingInitializeOnLoad (6ms)
				EditorAssembliesLoaded (0ms)
			ExecutionOrderSort2 (0ms)
			AwakeInstancesAfterBackupRestoration (18ms)
Platform modules already initialized, skipping
Refreshing native plugins compatible for Editor in 0.48 ms, found 2 plugins.
Preloading 0 native plugins for Editor in 0.00 ms.
Unloading 2630 Unused Serialized files (Serialized files now loaded: 0)
System memory in use before: 125.5 MB.
System memory in use after: 125.7 MB.

Unloading 12 unused Assets to reduce memory usage. Loaded Objects now: 3328.
Total: 3.173400 ms (FindLiveObjects: 0.251800 ms CreateObjectMapping: 0.075200 ms MarkObjects: 2.822700 ms  DeleteObjects: 0.022700 ms)

AssetImportParameters requested are different than current active one (requested -> active):
  custom:framework-win-MediaFoundation: 216162199b28c13a410421893ffa2e32 -> 
  custom:video-decoder-ogg-theora: a1e56fd34408186e4bbccfd4996cb3dc -> 
  custom:container-muxer-webm: aa71ff27fc2769a1b78a27578f13a17b -> 
  custom:container-demuxer-webm: 4f35f7cbe854078d1ac9338744f61a02 -> 
  custom:container-demuxer-ogg: 62fdf1f143b41e24485cea50d1cbac27 -> 
  custom:video-encoder-webm-vp8: eb34c28f22e8b96e1ab97ce403110664 -> 
  custom:video-decoder-webm-vp8: 9c59270c3fd7afecdb556c50c9e8de78 -> 
  custom:audio-decoder-ogg-vorbis: bf7c407c2cedff20999df2af8eb42d56 -> 
  custom:audio-encoder-webm-vorbis: bf7c407c2cedff20999df2af8eb42d56 -> 
========================================================================
Received Import Request.
  Time since last request: 836.687158 seconds.
  path: Assets/Scripts/MainboardTextureChange.cs
  artifactKey: Guid(35d0ff0212ddf4f4da2c9a6fb62ecf5f) Importer(815301076,1909f56bfc062723c751e8b465ee728b)
Start importing Assets/Scripts/MainboardTextureChange.cs using Guid(35d0ff0212ddf4f4da2c9a6fb62ecf5f) Importer(815301076,1909f56bfc062723c751e8b465ee728b)  -> (artifact id: '92e2bbbb046cc64dfb16efa5a06ac5d9') in 0.027459 seconds 
  Import took 0.031381 seconds .

========================================================================
Received Prepare
Registering precompiled user dll's ...
Registered in 0.003023 seconds.
Begin MonoManager ReloadAssembly
Native extension for LinuxStandalone target not found
Native extension for WindowsStandalone target not found
Native extension for OSXStandalone target not found
Native extension for WebGL target not found
Refreshing native plugins compatible for Editor in 0.56 ms, found 2 plugins.
Preloading 0 native plugins for Editor in 0.00 ms.
Mono: successfully reloaded assembly
- Completed reload, in  0.962 seconds
Domain Reload Profiling:
	ReloadAssembly (962ms)
		BeginReloadAssembly (109ms)
			ExecutionOrderSort (0ms)
			DisableScriptedObjects (4ms)
			BackupInstance (0ms)
			ReleaseScriptingObjects (0ms)
			CreateAndSetChildDomain (32ms)
		EndReloadAssembly (785ms)
			LoadAssemblies (92ms)
			RebuildTransferFunctionScriptingTraits (0ms)
			SetupTypeCache (253ms)
			ReleaseScriptCaches (1ms)
			RebuildScriptCaches (35ms)
			SetupLoadedEditorAssemblies (292ms)
				LogAssemblyErrors (0ms)
				InitializePlatformSupportModulesInManaged (6ms)
				SetLoadedEditorAssemblies (0ms)
				RefreshPlugins (1ms)
				BeforeProcessingInitializeOnLoad (74ms)
				ProcessInitializeOnLoadAttributes (202ms)
				ProcessInitializeOnLoadMethodAttributes (3ms)
				AfterProcessingInitializeOnLoad (6ms)
				EditorAssembliesLoaded (0ms)
			ExecutionOrderSort2 (0ms)
			AwakeInstancesAfterBackupRestoration (18ms)
Platform modules already initialized, skipping
Refreshing native plugins compatible for Editor in 0.48 ms, found 2 plugins.
Preloading 0 native plugins for Editor in 0.00 ms.
Unloading 2630 Unused Serialized files (Serialized files now loaded: 0)
System memory in use before: 125.5 MB.
System memory in use after: 125.8 MB.

Unloading 12 unused Assets to reduce memory usage. Loaded Objects now: 3330.
Total: 3.096700 ms (FindLiveObjects: 0.250700 ms CreateObjectMapping: 0.064000 ms MarkObjects: 2.763100 ms  DeleteObjects: 0.018300 ms)

AssetImportParameters requested are different than current active one (requested -> active):
  custom:framework-win-MediaFoundation: 216162199b28c13a410421893ffa2e32 -> 
  custom:video-decoder-ogg-theora: a1e56fd34408186e4bbccfd4996cb3dc -> 
  custom:container-muxer-webm: aa71ff27fc2769a1b78a27578f13a17b -> 
  custom:container-demuxer-webm: 4f35f7cbe854078d1ac9338744f61a02 -> 
  custom:container-demuxer-ogg: 62fdf1f143b41e24485cea50d1cbac27 -> 
  custom:video-encoder-webm-vp8: eb34c28f22e8b96e1ab97ce403110664 -> 
  custom:video-decoder-webm-vp8: 9c59270c3fd7afecdb556c50c9e8de78 -> 
  custom:audio-decoder-ogg-vorbis: bf7c407c2cedff20999df2af8eb42d56 -> 
  custom:audio-encoder-webm-vorbis: bf7c407c2cedff20999df2af8eb42d56 -> 
========================================================================
Received Prepare
Registering precompiled user dll's ...
Registered in 0.002742 seconds.
Begin MonoManager ReloadAssembly
Native extension for LinuxStandalone target not found
Native extension for WindowsStandalone target not found
Native extension for OSXStandalone target not found
Native extension for WebGL target not found
Refreshing native plugins compatible for Editor in 0.57 ms, found 2 plugins.
Preloading 0 native plugins for Editor in 0.00 ms.
Mono: successfully reloaded assembly
- Completed reload, in  0.912 seconds
Domain Reload Profiling:
	ReloadAssembly (912ms)
		BeginReloadAssembly (113ms)
			ExecutionOrderSort (0ms)
			DisableScriptedObjects (5ms)
			BackupInstance (0ms)
			ReleaseScriptingObjects (0ms)
			CreateAndSetChildDomain (30ms)
		EndReloadAssembly (742ms)
			LoadAssemblies (84ms)
			RebuildTransferFunctionScriptingTraits (0ms)
			SetupTypeCache (256ms)
			ReleaseScriptCaches (1ms)
			RebuildScriptCaches (35ms)
			SetupLoadedEditorAssemblies (240ms)
				LogAssemblyErrors (0ms)
				InitializePlatformSupportModulesInManaged (6ms)
				SetLoadedEditorAssemblies (0ms)
				RefreshPlugins (1ms)
				BeforeProcessingInitializeOnLoad (69ms)
				ProcessInitializeOnLoadAttributes (156ms)
				ProcessInitializeOnLoadMethodAttributes (3ms)
				AfterProcessingInitializeOnLoad (6ms)
				EditorAssembliesLoaded (0ms)
			ExecutionOrderSort2 (0ms)
			AwakeInstancesAfterBackupRestoration (18ms)
Platform modules already initialized, skipping
Refreshing native plugins compatible for Editor in 0.56 ms, found 2 plugins.
Preloading 0 native plugins for Editor in 0.00 ms.
Unloading 2630 Unused Serialized files (Serialized files now loaded: 0)
System memory in use before: 125.6 MB.
System memory in use after: 125.8 MB.

Unloading 12 unused Assets to reduce memory usage. Loaded Objects now: 3332.
Total: 23.800500 ms (FindLiveObjects: 0.776000 ms CreateObjectMapping: 0.077600 ms MarkObjects: 22.924100 ms  DeleteObjects: 0.021200 ms)

AssetImportParameters requested are different than current active one (requested -> active):
  custom:framework-win-MediaFoundation: 216162199b28c13a410421893ffa2e32 -> 
  custom:video-decoder-ogg-theora: a1e56fd34408186e4bbccfd4996cb3dc -> 
  custom:container-muxer-webm: aa71ff27fc2769a1b78a27578f13a17b -> 
  custom:container-demuxer-webm: 4f35f7cbe854078d1ac9338744f61a02 -> 
  custom:container-demuxer-ogg: 62fdf1f143b41e24485cea50d1cbac27 -> 
  custom:video-encoder-webm-vp8: eb34c28f22e8b96e1ab97ce403110664 -> 
  custom:video-decoder-webm-vp8: 9c59270c3fd7afecdb556c50c9e8de78 -> 
  custom:audio-decoder-ogg-vorbis: bf7c407c2cedff20999df2af8eb42d56 -> 
  custom:audio-encoder-webm-vorbis: bf7c407c2cedff20999df2af8eb42d56 -> 
========================================================================
Received Prepare
Registering precompiled user dll's ...
Registered in 0.003464 seconds.
Begin MonoManager ReloadAssembly
Native extension for LinuxStandalone target not found
Native extension for WindowsStandalone target not found
Native extension for OSXStandalone target not found
Native extension for WebGL target not found
Refreshing native plugins compatible for Editor in 0.55 ms, found 2 plugins.
Preloading 0 native plugins for Editor in 0.00 ms.
Mono: successfully reloaded assembly
- Completed reload, in  0.997 seconds
Domain Reload Profiling:
	ReloadAssembly (998ms)
		BeginReloadAssembly (91ms)
			ExecutionOrderSort (0ms)
			DisableScriptedObjects (4ms)
			BackupInstance (0ms)
			ReleaseScriptingObjects (0ms)
			CreateAndSetChildDomain (29ms)
		EndReloadAssembly (849ms)
			LoadAssemblies (81ms)
			RebuildTransferFunctionScriptingTraits (0ms)
			SetupTypeCache (265ms)
			ReleaseScriptCaches (1ms)
			RebuildScriptCaches (40ms)
			SetupLoadedEditorAssemblies (328ms)
				LogAssemblyErrors (0ms)
				InitializePlatformSupportModulesInManaged (7ms)
				SetLoadedEditorAssemblies (0ms)
				RefreshPlugins (1ms)
				BeforeProcessingInitializeOnLoad (96ms)
				ProcessInitializeOnLoadAttributes (213ms)
				ProcessInitializeOnLoadMethodAttributes (4ms)
				AfterProcessingInitializeOnLoad (7ms)
				EditorAssembliesLoaded (0ms)
			ExecutionOrderSort2 (0ms)
			AwakeInstancesAfterBackupRestoration (22ms)
Platform modules already initialized, skipping
Refreshing native plugins compatible for Editor in 0.56 ms, found 2 plugins.
Preloading 0 native plugins for Editor in 0.00 ms.
Unloading 2630 Unused Serialized files (Serialized files now loaded: 0)
System memory in use before: 125.6 MB.
System memory in use after: 125.8 MB.

Unloading 12 unused Assets to reduce memory usage. Loaded Objects now: 3334.
Total: 3.343600 ms (FindLiveObjects: 0.333900 ms CreateObjectMapping: 0.070300 ms MarkObjects: 2.917400 ms  DeleteObjects: 0.020800 ms)

AssetImportParameters requested are different than current active one (requested -> active):
  custom:framework-win-MediaFoundation: 216162199b28c13a410421893ffa2e32 -> 
  custom:video-decoder-ogg-theora: a1e56fd34408186e4bbccfd4996cb3dc -> 
  custom:container-muxer-webm: aa71ff27fc2769a1b78a27578f13a17b -> 
  custom:container-demuxer-webm: 4f35f7cbe854078d1ac9338744f61a02 -> 
  custom:container-demuxer-ogg: 62fdf1f143b41e24485cea50d1cbac27 -> 
  custom:video-encoder-webm-vp8: eb34c28f22e8b96e1ab97ce403110664 -> 
  custom:video-decoder-webm-vp8: 9c59270c3fd7afecdb556c50c9e8de78 -> 
  custom:audio-decoder-ogg-vorbis: bf7c407c2cedff20999df2af8eb42d56 -> 
  custom:audio-encoder-webm-vorbis: bf7c407c2cedff20999df2af8eb42d56 -> 
========================================================================
Received Prepare
Registering precompiled user dll's ...
Registered in 0.002656 seconds.
Begin MonoManager ReloadAssembly
Native extension for LinuxStandalone target not found
Native extension for WindowsStandalone target not found
Native extension for OSXStandalone target not found
Native extension for WebGL target not found
Refreshing native plugins compatible for Editor in 0.52 ms, found 2 plugins.
Preloading 0 native plugins for Editor in 0.00 ms.
Mono: successfully reloaded assembly
- Completed reload, in  0.913 seconds
Domain Reload Profiling:
	ReloadAssembly (914ms)
		BeginReloadAssembly (95ms)
			ExecutionOrderSort (0ms)
			DisableScriptedObjects (4ms)
			BackupInstance (0ms)
			ReleaseScriptingObjects (0ms)
			CreateAndSetChildDomain (26ms)
		EndReloadAssembly (765ms)
			LoadAssemblies (101ms)
			RebuildTransferFunctionScriptingTraits (0ms)
			SetupTypeCache (252ms)
			ReleaseScriptCaches (1ms)
			RebuildScriptCaches (35ms)
			SetupLoadedEditorAssemblies (251ms)
				LogAssemblyErrors (0ms)
				InitializePlatformSupportModulesInManaged (6ms)
				SetLoadedEditorAssemblies (0ms)
				RefreshPlugins (1ms)
				BeforeProcessingInitializeOnLoad (74ms)
				ProcessInitializeOnLoadAttributes (160ms)
				ProcessInitializeOnLoadMethodAttributes (3ms)
				AfterProcessingInitializeOnLoad (6ms)
				EditorAssembliesLoaded (0ms)
			ExecutionOrderSort2 (0ms)
			AwakeInstancesAfterBackupRestoration (17ms)
Platform modules already initialized, skipping
Refreshing native plugins compatible for Editor in 0.51 ms, found 2 plugins.
Preloading 0 native plugins for Editor in 0.00 ms.
Unloading 2630 Unused Serialized files (Serialized files now loaded: 0)
System memory in use before: 125.7 MB.
System memory in use after: 125.9 MB.

Unloading 12 unused Assets to reduce memory usage. Loaded Objects now: 3336.
Total: 3.134900 ms (FindLiveObjects: 0.264800 ms CreateObjectMapping: 0.068400 ms MarkObjects: 2.783300 ms  DeleteObjects: 0.017400 ms)

AssetImportParameters requested are different than current active one (requested -> active):
  custom:framework-win-MediaFoundation: 216162199b28c13a410421893ffa2e32 -> 
  custom:video-decoder-ogg-theora: a1e56fd34408186e4bbccfd4996cb3dc -> 
  custom:container-muxer-webm: aa71ff27fc2769a1b78a27578f13a17b -> 
  custom:container-demuxer-webm: 4f35f7cbe854078d1ac9338744f61a02 -> 
  custom:container-demuxer-ogg: 62fdf1f143b41e24485cea50d1cbac27 -> 
  custom:video-encoder-webm-vp8: eb34c28f22e8b96e1ab97ce403110664 -> 
  custom:video-decoder-webm-vp8: 9c59270c3fd7afecdb556c50c9e8de78 -> 
  custom:audio-decoder-ogg-vorbis: bf7c407c2cedff20999df2af8eb42d56 -> 
  custom:audio-encoder-webm-vorbis: bf7c407c2cedff20999df2af8eb42d56 -> 
========================================================================
Received Prepare
Registering precompiled user dll's ...
Registered in 0.002708 seconds.
Begin MonoManager ReloadAssembly
Native extension for LinuxStandalone target not found
Native extension for WindowsStandalone target not found
Native extension for OSXStandalone target not found
Native extension for WebGL target not found
Refreshing native plugins compatible for Editor in 0.55 ms, found 2 plugins.
Preloading 0 native plugins for Editor in 0.00 ms.
Mono: successfully reloaded assembly
- Completed reload, in  0.906 seconds
Domain Reload Profiling:
	ReloadAssembly (906ms)
		BeginReloadAssembly (102ms)
			ExecutionOrderSort (0ms)
			DisableScriptedObjects (4ms)
			BackupInstance (0ms)
			ReleaseScriptingObjects (0ms)
			CreateAndSetChildDomain (27ms)
		EndReloadAssembly (751ms)
			LoadAssemblies (78ms)
			RebuildTransferFunctionScriptingTraits (0ms)
			SetupTypeCache (241ms)
			ReleaseScriptCaches (1ms)
			RebuildScriptCaches (36ms)
			SetupLoadedEditorAssemblies (273ms)
				LogAssemblyErrors (0ms)
				InitializePlatformSupportModulesInManaged (6ms)
				SetLoadedEditorAssemblies (0ms)
				RefreshPlugins (1ms)
				BeforeProcessingInitializeOnLoad (92ms)
				ProcessInitializeOnLoadAttributes (165ms)
				ProcessInitializeOnLoadMethodAttributes (3ms)
				AfterProcessingInitializeOnLoad (6ms)
				EditorAssembliesLoaded (0ms)
			ExecutionOrderSort2 (0ms)
			AwakeInstancesAfterBackupRestoration (17ms)
Platform modules already initialized, skipping
Refreshing native plugins compatible for Editor in 0.49 ms, found 2 plugins.
Preloading 0 native plugins for Editor in 0.00 ms.
Unloading 2630 Unused Serialized files (Serialized files now loaded: 0)
System memory in use before: 125.7 MB.
System memory in use after: 125.9 MB.

Unloading 12 unused Assets to reduce memory usage. Loaded Objects now: 3338.
Total: 3.204100 ms (FindLiveObjects: 0.278200 ms CreateObjectMapping: 0.067700 ms MarkObjects: 2.833200 ms  DeleteObjects: 0.024000 ms)

AssetImportParameters requested are different than current active one (requested -> active):
  custom:framework-win-MediaFoundation: 216162199b28c13a410421893ffa2e32 -> 
  custom:video-decoder-ogg-theora: a1e56fd34408186e4bbccfd4996cb3dc -> 
  custom:container-muxer-webm: aa71ff27fc2769a1b78a27578f13a17b -> 
  custom:container-demuxer-webm: 4f35f7cbe854078d1ac9338744f61a02 -> 
  custom:container-demuxer-ogg: 62fdf1f143b41e24485cea50d1cbac27 -> 
  custom:video-encoder-webm-vp8: eb34c28f22e8b96e1ab97ce403110664 -> 
  custom:video-decoder-webm-vp8: 9c59270c3fd7afecdb556c50c9e8de78 -> 
  custom:audio-decoder-ogg-vorbis: bf7c407c2cedff20999df2af8eb42d56 -> 
  custom:audio-encoder-webm-vorbis: bf7c407c2cedff20999df2af8eb42d56 -> 
========================================================================
Received Prepare
Registering precompiled user dll's ...
Registered in 0.002758 seconds.
Begin MonoManager ReloadAssembly
Native extension for LinuxStandalone target not found
Native extension for WindowsStandalone target not found
Native extension for OSXStandalone target not found
Native extension for WebGL target not found
Refreshing native plugins compatible for Editor in 0.49 ms, found 2 plugins.
Preloading 0 native plugins for Editor in 0.00 ms.
Mono: successfully reloaded assembly
- Completed reload, in  0.893 seconds
Domain Reload Profiling:
	ReloadAssembly (893ms)
		BeginReloadAssembly (99ms)
			ExecutionOrderSort (0ms)
			DisableScriptedObjects (4ms)
			BackupInstance (0ms)
			ReleaseScriptingObjects (0ms)
			CreateAndSetChildDomain (26ms)
		EndReloadAssembly (742ms)
			LoadAssemblies (74ms)
			RebuildTransferFunctionScriptingTraits (0ms)
			SetupTypeCache (240ms)
			ReleaseScriptCaches (1ms)
			RebuildScriptCaches (35ms)
			SetupLoadedEditorAssemblies (271ms)
				LogAssemblyErrors (0ms)
				InitializePlatformSupportModulesInManaged (6ms)
				SetLoadedEditorAssemblies (0ms)
				RefreshPlugins (1ms)
				BeforeProcessingInitializeOnLoad (69ms)
				ProcessInitializeOnLoadAttributes (187ms)
				ProcessInitializeOnLoadMethodAttributes (3ms)
				AfterProcessingInitializeOnLoad (5ms)
				EditorAssembliesLoaded (0ms)
			ExecutionOrderSort2 (0ms)
			AwakeInstancesAfterBackupRestoration (17ms)
Platform modules already initialized, skipping
Refreshing native plugins compatible for Editor in 0.48 ms, found 2 plugins.
Preloading 0 native plugins for Editor in 0.00 ms.
Unloading 2630 Unused Serialized files (Serialized files now loaded: 0)
System memory in use before: 125.7 MB.
System memory in use after: 126.0 MB.

Unloading 12 unused Assets to reduce memory usage. Loaded Objects now: 3340.
Total: 3.095000 ms (FindLiveObjects: 0.261100 ms CreateObjectMapping: 0.065800 ms MarkObjects: 2.743600 ms  DeleteObjects: 0.022900 ms)

AssetImportParameters requested are different than current active one (requested -> active):
  custom:framework-win-MediaFoundation: 216162199b28c13a410421893ffa2e32 -> 
  custom:video-decoder-ogg-theora: a1e56fd34408186e4bbccfd4996cb3dc -> 
  custom:container-muxer-webm: aa71ff27fc2769a1b78a27578f13a17b -> 
  custom:container-demuxer-webm: 4f35f7cbe854078d1ac9338744f61a02 -> 
  custom:container-demuxer-ogg: 62fdf1f143b41e24485cea50d1cbac27 -> 
  custom:video-encoder-webm-vp8: eb34c28f22e8b96e1ab97ce403110664 -> 
  custom:video-decoder-webm-vp8: 9c59270c3fd7afecdb556c50c9e8de78 -> 
  custom:audio-decoder-ogg-vorbis: bf7c407c2cedff20999df2af8eb42d56 -> 
  custom:audio-encoder-webm-vorbis: bf7c407c2cedff20999df2af8eb42d56 -> 
========================================================================
Received Prepare
Registering precompiled user dll's ...
Registered in 0.002764 seconds.
Begin MonoManager ReloadAssembly
Native extension for LinuxStandalone target not found
Native extension for WindowsStandalone target not found
Native extension for OSXStandalone target not found
Native extension for WebGL target not found
Refreshing native plugins compatible for Editor in 0.50 ms, found 2 plugins.
Preloading 0 native plugins for Editor in 0.00 ms.
Mono: successfully reloaded assembly
- Completed reload, in  0.904 seconds
Domain Reload Profiling:
	ReloadAssembly (904ms)
		BeginReloadAssembly (98ms)
			ExecutionOrderSort (0ms)
			DisableScriptedObjects (4ms)
			BackupInstance (0ms)
			ReleaseScriptingObjects (0ms)
			CreateAndSetChildDomain (27ms)
		EndReloadAssembly (752ms)
			LoadAssemblies (77ms)
			RebuildTransferFunctionScriptingTraits (0ms)
			SetupTypeCache (243ms)
			ReleaseScriptCaches (1ms)
			RebuildScriptCaches (35ms)
			SetupLoadedEditorAssemblies (275ms)
				LogAssemblyErrors (0ms)
				InitializePlatformSupportModulesInManaged (6ms)
				SetLoadedEditorAssemblies (0ms)
				RefreshPlugins (1ms)
				BeforeProcessingInitializeOnLoad (68ms)
				ProcessInitializeOnLoadAttributes (192ms)
				ProcessInitializeOnLoadMethodAttributes (3ms)
				AfterProcessingInitializeOnLoad (6ms)
				EditorAssembliesLoaded (0ms)
			ExecutionOrderSort2 (0ms)
			AwakeInstancesAfterBackupRestoration (16ms)
Platform modules already initialized, skipping
Refreshing native plugins compatible for Editor in 0.49 ms, found 2 plugins.
Preloading 0 native plugins for Editor in 0.00 ms.
Unloading 2630 Unused Serialized files (Serialized files now loaded: 0)
System memory in use before: 125.8 MB.
System memory in use after: 126.0 MB.

Unloading 12 unused Assets to reduce memory usage. Loaded Objects now: 3342.
Total: 3.180300 ms (FindLiveObjects: 0.260800 ms CreateObjectMapping: 0.065500 ms MarkObjects: 2.834000 ms  DeleteObjects: 0.019100 ms)

AssetImportParameters requested are different than current active one (requested -> active):
  custom:framework-win-MediaFoundation: 216162199b28c13a410421893ffa2e32 -> 
  custom:video-decoder-ogg-theora: a1e56fd34408186e4bbccfd4996cb3dc -> 
  custom:container-muxer-webm: aa71ff27fc2769a1b78a27578f13a17b -> 
  custom:container-demuxer-webm: 4f35f7cbe854078d1ac9338744f61a02 -> 
  custom:container-demuxer-ogg: 62fdf1f143b41e24485cea50d1cbac27 -> 
  custom:video-encoder-webm-vp8: eb34c28f22e8b96e1ab97ce403110664 -> 
  custom:video-decoder-webm-vp8: 9c59270c3fd7afecdb556c50c9e8de78 -> 
  custom:audio-decoder-ogg-vorbis: bf7c407c2cedff20999df2af8eb42d56 -> 
  custom:audio-encoder-webm-vorbis: bf7c407c2cedff20999df2af8eb42d56 -> 
========================================================================
Received Import Request.
  Time since last request: 2139.100339 seconds.
  path: Assets/Shader/Mainboard.shadergraph
  artifactKey: Guid(d47d26fb6f2be8c449ad21690d1a0575) Importer(815301076,1909f56bfc062723c751e8b465ee728b)
Start importing Assets/Shader/Mainboard.shadergraph using Guid(d47d26fb6f2be8c449ad21690d1a0575) Importer(815301076,1909f56bfc062723c751e8b465ee728b)  -> (artifact id: '6925f19f49aa0b7762666c6460cf7dcb') in 0.210424 seconds 
  Import took 0.214995 seconds .

========================================================================
Received Import Request.
  Time since last request: 0.072170 seconds.
  path: Assets/Shader/Mainboard.shadergraph
  artifactKey: Guid(d47d26fb6f2be8c449ad21690d1a0575) Importer(815301076,1909f56bfc062723c751e8b465ee728b)
Start importing Assets/Shader/Mainboard.shadergraph using Guid(d47d26fb6f2be8c449ad21690d1a0575) Importer(815301076,1909f56bfc062723c751e8b465ee728b)  -> (artifact id: '6925f19f49aa0b7762666c6460cf7dcb') in 0.022173 seconds 
  Import took 0.026240 seconds .

========================================================================
Received Prepare
Registering precompiled user dll's ...
Registered in 0.003113 seconds.
Begin MonoManager ReloadAssembly
Native extension for LinuxStandalone target not found
Native extension for WindowsStandalone target not found
Native extension for OSXStandalone target not found
Native extension for WebGL target not found
Refreshing native plugins compatible for Editor in 0.50 ms, found 2 plugins.
Preloading 0 native plugins for Editor in 0.00 ms.
Mono: successfully reloaded assembly
- Completed reload, in  0.922 seconds
Domain Reload Profiling:
	ReloadAssembly (923ms)
		BeginReloadAssembly (90ms)
			ExecutionOrderSort (0ms)
			DisableScriptedObjects (4ms)
			BackupInstance (0ms)
			ReleaseScriptingObjects (0ms)
			CreateAndSetChildDomain (29ms)
		EndReloadAssembly (781ms)
			LoadAssemblies (78ms)
			RebuildTransferFunctionScriptingTraits (0ms)
			SetupTypeCache (251ms)
			ReleaseScriptCaches (1ms)
			RebuildScriptCaches (34ms)
			SetupLoadedEditorAssemblies (300ms)
				LogAssemblyErrors (0ms)
				InitializePlatformSupportModulesInManaged (6ms)
				SetLoadedEditorAssemblies (0ms)
				RefreshPlugins (1ms)
				BeforeProcessingInitializeOnLoad (67ms)
				ProcessInitializeOnLoadAttributes (216ms)
				ProcessInitializeOnLoadMethodAttributes (4ms)
				AfterProcessingInitializeOnLoad (6ms)
				EditorAssembliesLoaded (0ms)
			ExecutionOrderSort2 (0ms)
			AwakeInstancesAfterBackupRestoration (16ms)
Platform modules already initialized, skipping
Refreshing native plugins compatible for Editor in 0.52 ms, found 2 plugins.
Preloading 0 native plugins for Editor in 0.00 ms.
Unloading 2630 Unused Serialized files (Serialized files now loaded: 0)
System memory in use before: 125.8 MB.
System memory in use after: 126.0 MB.

Unloading 12 unused Assets to reduce memory usage. Loaded Objects now: 3344.
Total: 3.681800 ms (FindLiveObjects: 0.270200 ms CreateObjectMapping: 0.068700 ms MarkObjects: 3.319200 ms  DeleteObjects: 0.022500 ms)

AssetImportParameters requested are different than current active one (requested -> active):
  custom:framework-win-MediaFoundation: 216162199b28c13a410421893ffa2e32 -> 
  custom:video-decoder-ogg-theora: a1e56fd34408186e4bbccfd4996cb3dc -> 
  custom:container-muxer-webm: aa71ff27fc2769a1b78a27578f13a17b -> 
  custom:container-demuxer-webm: 4f35f7cbe854078d1ac9338744f61a02 -> 
  custom:container-demuxer-ogg: 62fdf1f143b41e24485cea50d1cbac27 -> 
  custom:video-encoder-webm-vp8: eb34c28f22e8b96e1ab97ce403110664 -> 
  custom:video-decoder-webm-vp8: 9c59270c3fd7afecdb556c50c9e8de78 -> 
  custom:audio-decoder-ogg-vorbis: bf7c407c2cedff20999df2af8eb42d56 -> 
  custom:audio-encoder-webm-vorbis: bf7c407c2cedff20999df2af8eb42d56 -> 
AssetImportWorkerClient::OnTransportError - code=2 error=End of file
